<?xml version="1.0" encoding="UTF-8"?>
<!-- Generated by org.testng.reporters.JUnitReportReporter -->
<testsuite skipped="0" hostname="Buneets-MacBook-Pro.local" name="banking.TC001_VerifyLogin" tests="1" failures="0" timestamp="29 Nov 2019 05:03:51 GMT" time="5.739" errors="0">
  <testcase name="verifylogin" time="5.739" classname="banking.TC001_VerifyLogin"/>
</testsuite> <!-- banking.TC001_VerifyLogin -->
