<?xml version="1.0" encoding="UTF-8"?>
<!-- Generated by org.testng.reporters.JUnitReportReporter -->
<testsuite skipped="0" hostname="Buneets-MacBook-Pro.local" name="Utility.Demotest" tests="1" failures="0" timestamp="09 Nov 2019 20:46:07 GMT" time="3.476" errors="0">
  <testcase name="verifyinvalidLogin" time="3.476" classname="Utility.Demotest"/>
</testsuite> <!-- Utility.Demotest -->
