<?xml version="1.0" encoding="UTF-8"?>
<!-- Generated by org.testng.reporters.JUnitReportReporter -->
<testsuite skipped="0" hostname="Buneets-MacBook-Pro.local" name="banking.Tourslogin" tests="1" failures="0" timestamp="2019-10-26T14:26:59 EDT" time="9.636" errors="0">
  <testcase name="tourLogin" time="9.636" classname="banking.Tourslogin"/>
</testsuite> <!-- banking.Tourslogin -->
